2024-08-12 21:27:17,848 - INFO - Start
2024-08-12 21:27:18,583 - INFO - Home Position: 34.199758, -118.525603, 221.110000
2024-08-12 21:27:35,386 - INFO - Measured front Distance: 1.0 m
2024-08-12 21:27:35,387 - INFO - Safe distance, proceeding
2024-08-12 21:27:35,389 - INFO - TAKE OFF Position: 34.199790, -118.525576, 223.060000
2024-08-12 21:27:35,390 - INFO - It had traveled 4.38 meters
2024-08-12 21:27:35,390 - INFO - not safe to fight to home Take off
2024-08-12 21:27:36,218 - INFO - Distance traveled: 0.05 meters
2024-08-12 21:27:36,518 - INFO - Distance traveled: 0.10 meters
2024-08-12 21:27:37,154 - INFO - Distance traveled: 0.15 meters
2024-08-12 21:27:37,981 - INFO - Distance traveled: 0.20 meters
2024-08-12 21:27:38,809 - INFO - Distance traveled: 0.25 meters
2024-08-12 21:27:39,501 - INFO - Distance traveled: 0.30 meters
2024-08-12 21:27:39,962 - INFO - Distance traveled: 0.35 meters
2024-08-12 21:27:40,809 - INFO - Distance traveled: 0.40 meters
2024-08-12 21:27:41,521 - INFO - Distance traveled: 0.45 meters
2024-08-12 21:27:41,864 - INFO - Distance traveled: 0.50 meters
2024-08-12 21:27:42,531 - INFO - Distance traveled: 0.55 meters
2024-08-12 21:27:43,195 - INFO - Distance traveled: 0.60 meters
2024-08-12 21:27:43,817 - INFO - Distance traveled: 0.65 meters
2024-08-12 21:27:44,438 - INFO - Distance traveled: 0.70 meters
2024-08-12 21:27:45,058 - INFO - Distance traveled: 0.75 meters
2024-08-12 21:27:45,548 - INFO - Distance traveled: 0.80 meters
2024-08-12 21:27:46,101 - INFO - Distance traveled: 0.85 meters
2024-08-12 21:27:46,714 - INFO - Distance traveled: 0.90 meters
2024-08-12 21:27:47,334 - INFO - Distance traveled: 0.95 meters
2024-08-12 21:27:47,638 - INFO - Distance traveled: 1.00 meters
2024-08-12 21:27:48,210 - INFO - Distance traveled: 1.05 meters
2024-08-12 21:27:48,777 - INFO - Distance traveled: 1.10 meters
2024-08-12 21:27:49,346 - INFO - Distance traveled: 1.15 meters
